(0,0,_)
(1,0,_)
(2,0,_)
(3,0,_)
(4,4,\1)
(5,0,_)
(6,6,\\1)
(7,7,\\2)
(8,8,\\\1)
(9,9,\\\2)
(10,10,\\\\1)
(11,11,\\\\2)
(12,12,\\\\\1)
(13,13,\\\\\2)
(14,14,\\\\\\1)
(15,15,\\\\\\2)
(16,16,\\\\\\\1)
(17,17,\\\\\\\2)
(18,18,\\\\\\\\1)
(19,19,\\\\\\\\2)
(20,20,\\\\\\\\\1)
(21,22,\(\1 1) (1 (\2)))
(22,24,\(\1 1 1) (1 1))
(23,26,\(\1 1) (1 (\\2)))
(24,30,\(\1 1 1) (1 (\1)))
(25,42,\(\1 1) (\1 (2 1)))
(26,52,(\1 1) (\\2 (1 2)))
(27,44,\\(\1 1) (\1 (2 1)))
(28,58,\(\1 1) (\1 (2 (\2))))
(29,223,\(\1 1) (\1 (1 (2 1))))
-- TODO: (\1 (1 1)) (\\2 (2 1))
-- TODO: (\1 1 1) (\\2 (2 1))
(30,160,(\1 1 1) (\\2 (1 2)))
-- TODO: (\1 1) (\\2 (2 (2 1)))
(31,267,(\1 1) (\\2 (2 (1 2))))
-- TODO: (\1 1) (\1 (1 (\1 (\3))))
-- TODO: (\1 1) (\1 (1 (\2)) (\2))
-- TODO: (\1 1) (\1 (1 (\\3)) 1)
-- TODO: (\1 1) (\1 (1 (\1) 1) 1)
-- TODO: (\1 (\2)) (\1 1 (\1 2))
-- TODO: \(\1 (1 1)) (\\2 (2 1))
-- TODO: \(\1 1 1) (\\2 (2 1))
(32,298,\(\1 1) (\1 (1 (2 (\2)))))
-- TODO: (\1 1) (\1 (\\1 (3 2)))
-- TODO: (\1 1 1) (\\2 (1 1 1))
-- TODO: \(\1 1) (\\2 (2 (2 1)))
(33,1812,\(\1 1) (\1 (1 (1 (2 1)))))
-- TODO: (\1 1) (\1 (1 (\1 (\1)) 1))
-- TODO: (\1 1) (\\1 (2 2 (1 1)))
-- TODO: (\1 1) (\\2 (\2 (3 1)))
-- TODO: (\1 1) (\\1 1 (2 1 2))
-- TODO: (\1 1 1) (\\1 (2 (1 2)))
-- TODO: (\1 1 1) (\\1 (2 (2 1)))
-- TODO: (\1 1 1) (\\2 (1 (1 2)))
-- TODO: (\1 1 1) (\\2 (1 (2 1)))
-- TODO: (\1 1 1) (\\2 (1 1 2))
-- TODO: (\1 1 1) (\\2 (1 2 1))
-- TODO: (\1 1 1) (\\2 (2 1 1))
-- TODO: (\1 1 1) (\\2 1 (2 1))
-- TODO: (\1 (1 (1 1))) (\\2 (2 1))
-- TODO: (\1 (1 1 1)) (\\2 (2 1))
-- TODO: (\1 1 (1 1)) (\\2 (2 1))
-- TODO: (\1 (1 1) 1) (\\2 (1 2))
-- TODO: (\1 (1 1) 1) (\\2 (2 1))
-- TODO: (\1 1 1 1) (\\2 (1 2))
-- TODO: (\1 1 1 1) (\\2 (2 1))
-- TODO: \(\1 1) (\1 (1 (\1 (\3))))
-- TODO: \(\1 1) (\1 (1 (\2)) (\2))
-- TODO: \(\1 1) (\1 (1 (\\3)) 1)
-- TODO: \(\1 1) (\1 (1 (\1) 1) 1)
-- TODO: \(\1 (\2)) (\1 1 (\1 2))
-- TODO: \\(\1 (1 1)) (\\2 (2 1))
-- TODO: \\(\1 1 1) (\\2 (2 1))
(34,508,(\1 (1 1)) (\\2 (1 (2 1))))
-- TODO: (\1 1) ((\1 1) (\\1 (2 1)))
-- TODO: (\1 1) ((\1 1) (\\2 (1 1)))
-- TODO: (\1 1) (\1 (1 (\1 (\\4))))
-- TODO: (\1 1) (\1 (1 (\1 (\1) 2)))
-- TODO: (\1 1) (\1 (1 (\\1 (2 1))))
-- TODO: (\1 1) (\1 ((\1 1 1) (\2)))
-- TODO: (\1 1) (\1 (1 (\1 (\2)) 1))
-- TODO: (\1 1) (\1 (1 (\\2 1) 1))
-- TODO: (\1 1) (\1 (1 (\1) (\2) 1))
-- TODO: (\1 1) (\1 (1 (\2) (\1) 1))
-- TODO: (\1 1) (\1 (\1 (\1) (2 1)))
-- TODO: (\1 1) (\1 (\1 (\\4) 1))
-- TODO: (\1 1) (\1 (\1 (\1) 2 1))
-- TODO: (\1 1) (\1 (\1) (\1 (2 1)))
-- TODO: (\1 1) (\1 (1 (\\3)) (\2))
-- TODO: (\1 1) (\1 (1 (\2) 1) (\1))
-- TODO: (\1 1) (\1 (\\1 (2 1)) 1)
-- TODO: (\1 1) (\\1 (2 (2 (2 1))))
-- TODO: (\1 1) (\\1 (2 2 (1 2)))
-- TODO: (\1 1) (\\1 (2 2 (2 1)))
-- TODO: (\1 1) (\\2 (2 (2 (1 1))))
-- TODO: (\1 1) (\\2 (1 1 2) 2)
-- TODO: (\1 1) (\\2 (2 (2 1)) 1)
-- TODO: (\1 (1 1)) (\\2 (1 (2 2)))
-- TODO: (\1 (1 1)) (\\2 (2 (1 2)))
-- TODO: (\1 (1 1)) (\\2 (2 (2 1)))
-- TODO: (\1 1 1) (\\2 (1 (2 2)))
-- TODO: (\1 1 1) (\\2 (2 (1 2)))
-- TODO: (\1 1 1) (\\2 (2 (2 1)))
-- TODO: (\1 1 1) (\\2 (1 2 2))
-- TODO: (\1 1 1) (\\2 (2 1 2))
-- TODO: (\1 1 1) (\\1 1 (\1 2))
-- TODO: (\\2 2) (\\2 (2 (2 1)))
-- TODO: (\1 (\1) 1) (\\2 (1 1 1))
-- TODO: (\\2 (2 2)) (\\2 (2 1))
-- TODO: (\\2 2 2) (\\2 (2 1))
-- TODO: (\1 (1 (\\1 (2 1)))) (\1 1)
-- TODO: (\1 (1 (\\2 (1 1)))) (\1 1)
-- TODO: \(\1 1) (\1 (\\1 (3 2)))
-- TODO: \(\1 1 1) (\\2 (1 1 1))
-- TODO: \\(\1 1) (\\2 (2 (2 1)))
(35,2199,(\1 (1 1)) (\\2 (2 1 2)))
-- TODO: (\1) ((\1 (1 1)) (\\2 (2 1)))
-- TODO: (\1) ((\1 1 1) (\\2 (2 1)))
-- TODO: (\1 1) ((\1 1) (\\2 (2 1)))
-- TODO: (\1 1) (\1 (1 (1 (\1 (\3)))))
-- TODO: (\1 1) (\1 (1 (\\1 (3 1))))
-- TODO: (\1 1) (\1 (1 (\\2 (1 2))))
-- TODO: (\1 1) (\1 (1 (\\2 (2 1))))
-- TODO: (\1 1) (\1 ((\1 2 1) (\2)))
-- TODO: (\1 1) (\1 ((\2 1 1) (\2)))
-- TODO: (\1 1) (\1 (1 (1 (1 (\1))) 1))
-- TODO: (\1 1) (\1 (1 (1 (\1) 1) 1))
-- TODO: (\1 1) (\1 (1 (\1 (\\1)) 1))
-- TODO: (\1 1) (\1 (\1 (2 (1 (\2)))))
-- TODO: (\1 1) (\1 (\1 (1 (\3) 1)))
-- TODO: (\1 1) (\1 (\1 (1 (\3)) 1))
-- TODO: (\1 1) (\(\1 1) (1 (\\1) 1))
-- TODO: (\1 1) (\1 (\2) (1 1 (\2)))
-- TODO: (\1 1) (\1 (1 (\2)) (\1 2))
-- TODO: (\1 1) (\(\2 (1 1)) (1 (\2)))
-- TODO: (\1 1) (\1 (1 (\\3)) (1 1))
-- TODO: (\1 1) (\1 (1 (\1) 1) (1 1))
-- TODO: (\1 1) (\(\\2 (1 2)) (1 1))
-- TODO: (\1 1) (\(\\2 (2 1)) (1 1))
-- TODO: (\1 1) (\1 (1 (1 (\2))) (\2))
-- TODO: (\1 1) (\(\2 (1 1 1)) (\2))
-- TODO: (\1 1) (\(\1 1 (2 1)) (\2))
-- TODO: (\1 1) (\1 (1 (1 (\\3))) 1)
-- TODO: (\1 1) (\1 (1 (1 (\1) 1)) 1)
-- TODO: (\1 1) (\1 (1 (1 (\1)) 1) 1)
-- TODO: (\1 1) (\1 (1 (\\\1) 1) 1)
-- TODO: (\1 1) (\1 (\1 (1 (\3))) 1)
-- TODO: (\1 1) (\1 (\\2 (1 2)) 1)
-- TODO: (\1 1) (\1 (\\2 (2 1)) 1)
-- TODO: (\1 1) (\1 (1 (\1) 1) 1 1)
-- TODO: (\1 1) (\\1 (2 2 (1 (\1))))
-- TODO: (\1 1) (\\2 (1 (2 2 2)))
-- TODO: (\1 1) (\\2 (2 (2 (1 2))))
-- TODO: (\1 1) (\\2 (2 (2 (2 1))))
-- TODO: (\1 1) (\\(\1 1) (2 (2 1)))
-- TODO: (\1 1) (\\2 (1 2) (2 2))
-- TODO: (\1 1) (\\2 (\1) 2 (1 1))
-- TODO: (\1 1) (\\2 (2 (1 2)) 2)
-- TODO: (\1 1) (\\2 (2 (2 1)) 2)
-- TODO: (\1 1) (\\(\1 (1 (1 2))) 2)
-- TODO: (\1 (\2)) (\1 1 (\1 2) 1)
-- TODO: (\1 (1 1)) ((\1) (\\2 (2 1)))
-- TODO: (\1 (1 1)) (\1 (1 (\1 (\3))))
-- TODO: (\1 (1 1)) (\1 (\\2 (2 1)))
-- TODO: (\1 (1 1)) (\(\1) (\2 (2 1)))
-- TODO: (\1 (1 1)) (\1 (1 (\2)) (\2))
-- TODO: (\1 (1 1)) (\1 (1 (\\3)) 1)
-- TODO: (\1 (1 1)) (\1 (1 (\1) 1) 1)
-- TODO: (\1 (1 1)) (\(\\2 (2 1)) 1)
-- TODO: (\1 (1 1)) (\\2 (2 ((\1) 1)))
-- TODO: (\1 (1 1)) (\\2 ((\1) (2 1)))
-- TODO: (\1 (1 1)) (\\2 ((\1) 2 1))
-- TODO: (\1 (1 1)) (\\(\1) (2 (2 1)))
-- TODO: (\1 (1 1)) (\\(\1) 2 (2 1))
-- TODO: (\1 (1 1)) (\\(\1 (1 2)) 2)
-- TODO: (\1 1 1) ((\1) (\\2 (2 1)))
-- TODO: (\1 1 1) (\1 (1 (\1 (\3))))
-- TODO: (\1 1 1) (\(\1) (\2 (2 1)))
-- TODO: (\1 1 1) (\1 (1 (\2)) (\2))
-- TODO: (\1 1 1) (\1 (1 (\\3)) 1)
-- TODO: (\1 1 1) (\1 (1 (\1) 1) 1)
-- TODO: (\1 1 1) (\(\\2 (2 1)) 1)
-- TODO: (\1 1 1) (\\1 (1 (\3) 1))
-- TODO: (\1 1 1) (\\2 (2 ((\1) 1)))
-- TODO: (\1 1 1) (\\2 ((\1) (2 1)))
-- TODO: (\1 1 1) (\\2 ((\1) 2 1))
-- TODO: (\1 1 1) (\\(\1) (2 (2 1)))
-- TODO: (\1 1 1) (\\1 2 (\1 2))
-- TODO: (\1 1 1) (\\2 1 (\1 2))
-- TODO: (\1 1 1) (\\(\1) 2 (2 1))
-- TODO: (\1 1 1) (\\(\1 (1 2)) 2)
-- TODO: (\1 1 1) (\\1 1 (\3) 1)
-- TODO: (\\2 2) (\1 (1 (\1 (\3))))
-- TODO: (\\2 2) (\1 (1 (\2)) (\2))
-- TODO: (\\2 2) (\1 (1 (\\3)) 1)
-- TODO: (\\2 2) (\1 (1 (\1) 1) 1)
-- TODO: (\1 (1 (\2))) (\1 1 (\1 2))
-- TODO: (\1 (\2) 1) (\1 1 (\1 2))
-- TODO: (\\2 (\3)) (\1 1 (\1 2))
-- TODO: (\1) (\1 (1 1)) (\\2 (2 1))
-- TODO: (\1) (\1 1 1) (\\2 (2 1))
-- TODO: (\1 (1 ((\1) 1))) (\\2 (2 1))
-- TODO: (\1 ((\1) (1 1))) (\\2 (2 1))
-- TODO: (\1 ((\1) 1 1)) (\\2 (2 1))
-- TODO: (\1 ((\1 1) 1)) (\\2 (2 1))
-- TODO: (\(\1) (1 (1 1))) (\\2 (2 1))
-- TODO: (\(\1) (1 1 1)) (\\2 (2 1))
-- TODO: (\1 1 ((\1) 1)) (\\2 (2 1))
-- TODO: (\(\1) 1 (1 1)) (\\2 (2 1))
-- TODO: (\(\1 1) (1 1)) (\\2 (1 2))
-- TODO: (\(\1 1) (1 1)) (\\2 (2 1))
-- TODO: (\1 (1 1) (\1)) (\\2 (1 2))
-- TODO: (\1 1 1 (\1)) (\\2 (1 2))
-- TODO: (\1 ((\1) 1) 1) (\\2 (2 1))
-- TODO: (\1 (\1 1) 1) (\\2 (2 1))
-- TODO: (\(\1) (1 1) 1) (\\2 (2 1))
-- TODO: (\(\1) 1 1 1) (\\2 (2 1))
-- TODO: (\(\1 1) 1 1) (\\2 (2 1))
-- TODO: (\(\1 (1 1)) 1) (\\2 (2 1))
-- TODO: (\(\1 1 1) 1) (\\2 (2 1))
-- TODO: (\1 (\1 (2 (\2)))) (\1 1 1)
-- TODO: (\1 (\\2 (2 1))) (\1 (1 1))
-- TODO: (\1 (\\2 (2 1))) (\1 1 1)
-- TODO: (\1 (1 (\\2 (1 2)))) (\1 1)
-- TODO: (\1 (1 (\\2 (2 1)))) (\1 1)
-- TODO: \1 ((\1 (1 1)) (\\2 (2 1)))
-- TODO: \1 ((\1 1 1) (\\2 (2 1)))
-- TODO: \(\1 1) (\1 (1 (\1 (\1)) 1))
-- TODO: \(\1 1) (\\1 (2 2 (1 1)))
-- TODO: \(\1 1) (\\2 (\2 (3 1)))
-- TODO: \(\1 1) (\\1 1 (2 1 2))
-- TODO: \(\1 1 1) (\\1 (2 (1 2)))
-- TODO: \(\1 1 1) (\\1 (2 (2 1)))
-- TODO: \(\1 1 1) (\\2 (1 (1 2)))
-- TODO: \(\1 1 1) (\\2 (1 (2 1)))
-- TODO: \(\1 1 1) (\\2 (1 1 2))
-- TODO: \(\1 1 1) (\\2 (1 2 1))
-- TODO: \(\1 1 1) (\\2 (2 1 1))
-- TODO: \(\1 1 1) (\\2 1 (2 1))
-- TODO: \(\1 2 1) (\\2 (1 1 1))
-- TODO: \(\1 (1 (1 1))) (\\2 (2 1))
-- TODO: \(\1 (1 1 1)) (\\2 (2 1))
-- TODO: \(\1 1 (1 1)) (\\2 (2 1))
-- TODO: \(\1 (1 1) 1) (\\2 (1 2))
-- TODO: \(\1 (1 1) 1) (\\2 (2 1))
-- TODO: \(\1 1 1 1) (\\2 (1 2))
-- TODO: \(\1 1 1 1) (\\2 (2 1))
-- TODO: \(\1 (1 1)) (\\2 (2 1)) 1
-- TODO: \(\1 1 1) (\\2 (2 1)) 1
-- TODO: \\(\1 1) (\1 (1 (\1 (\3))))
-- TODO: \\(\1 1) (\1 (1 (\2)) (\2))
-- TODO: \\(\1 1) (\1 (1 (\\3)) 1)
-- TODO: \\(\1 1) (\1 (1 (\1) 1) 1)
-- TODO: \\(\1 (\2)) (\1 1 (\1 2))
-- TODO: \\\(\1 (1 1)) (\\2 (2 1))
-- TODO: \\\(\1 1 1) (\\2 (2 1))
(36,2343,\(\1 1) (\1 (1 (1 (2 (\2))))))
